{
  "stats": {
    "suites": 1,
    "tests": 3,
    "passes": 3,
    "pending": 0,
    "failures": 0,
    "start": "2020-11-11T05:29:00.642Z",
    "end": "2020-11-11T05:29:05.299Z",
    "duration": 4657,
    "testsRegistered": 3,
    "passPercent": 100,
    "pendingPercent": 0,
    "other": 0,
    "hasOther": false,
    "skipped": 0,
    "hasSkipped": false
  },
  "results": [
    {
      "uuid": "08cf5270-36ce-4288-91b1-e232b28b1f98",
      "title": "",
      "fullFile": "cypress/integration/Login/LoginSpec.js",
      "file": "cypress/integration/Login/LoginSpec.js",
      "beforeHooks": [],
      "afterHooks": [],
      "tests": [],
      "suites": [
        {
          "uuid": "64af3430-9244-48e8-8b05-e8995f18947a",
          "title": "Login test cases",
          "fullFile": "",
          "file": "",
          "beforeHooks": [],
          "afterHooks": [],
          "tests": [
            {
              "title": "Login valid credentials and verify sucessful login",
              "fullTitle": "Login test cases Login valid credentials and verify sucessful login",
              "timedOut": null,
              "duration": 2901,
              "state": "passed",
              "speed": "slow",
              "pass": true,
              "fail": false,
              "pending": false,
              "context": null,
              "code": "loginPage.login(this.data.validEmail, this.data.validPassword);\nhomePage.verifyURL('inventory');\ncommonPage.clickMoreMenu();\ncommonPage.clickLogout();",
              "err": {},
              "uuid": "493b36d7-94fb-4237-97a5-1e36035d1f4b",
              "parentUUID": "64af3430-9244-48e8-8b05-e8995f18947a",
              "isHook": false,
              "skipped": false
            },
            {
              "title": "login with invalid credentials and verify error message",
              "fullTitle": "Login test cases login with invalid credentials and verify error message",
              "timedOut": null,
              "duration": 697,
              "state": "passed",
              "speed": "slow",
              "pass": true,
              "fail": false,
              "pending": false,
              "context": null,
              "code": "loginPage.login(this.data.invalidEmail, this.data.invalidPassword);\nloginPage.verifyErrorMessage();",
              "err": {},
              "uuid": "d7b14c94-348c-4d40-b4ad-e1c588039aa2",
              "parentUUID": "64af3430-9244-48e8-8b05-e8995f18947a",
              "isHook": false,
              "skipped": false
            },
            {
              "title": "login with empty values and verify error message",
              "fullTitle": "Login test cases login with empty values and verify error message",
              "timedOut": null,
              "duration": 219,
              "state": "passed",
              "speed": "slow",
              "pass": true,
              "fail": false,
              "pending": false,
              "context": null,
              "code": "loginPage.clickLoginButton();\nloginPage.verifyEmptyLogin();",
              "err": {},
              "uuid": "87343740-9194-4845-9107-f3ec6385736b",
              "parentUUID": "64af3430-9244-48e8-8b05-e8995f18947a",
              "isHook": false,
              "skipped": false
            }
          ],
          "suites": [],
          "passes": [
            "493b36d7-94fb-4237-97a5-1e36035d1f4b",
            "d7b14c94-348c-4d40-b4ad-e1c588039aa2",
            "87343740-9194-4845-9107-f3ec6385736b"
          ],
          "failures": [],
          "pending": [],
          "skipped": [],
          "duration": 3817,
          "root": false,
          "rootEmpty": false,
          "_timeout": 2000
        }
      ],
      "passes": [],
      "failures": [],
      "pending": [],
      "skipped": [],
      "duration": 0,
      "root": true,
      "rootEmpty": true,
      "_timeout": 2000
    }
  ],
  "meta": {
    "mocha": {
      "version": "7.0.1"
    },
    "mochawesome": {
      "options": {
        "quiet": false,
        "reportFilename": "mochawesome",
        "saveHtml": false,
        "saveJson": true,
        "consoleReporter": "spec",
        "useInlineDiffs": false,
        "code": true
      },
      "version": "6.1.1"
    },
    "marge": {
      "options": {
        "id": "default",
        "reportDir": "cypress/reports/mocha",
        "quite": true,
        "overwrite": false,
        "html": false,
        "json": true
      },
      "version": "5.1.0"
    }
  }
}