{
  "stats": {
    "suites": 2,
    "tests": 6,
    "passes": 6,
    "pending": 0,
    "failures": 0,
    "start": "2020-11-07T11:35:24.698Z",
    "end": "2020-11-07T11:35:46.380Z",
    "duration": 12248,
    "testsRegistered": 6,
    "passPercent": 100,
    "pendingPercent": 0,
    "other": 0,
    "hasOther": false,
    "skipped": 0,
    "hasSkipped": false
  },
  "results": [
    {
      "uuid": "e7b050fc-aae1-4dc2-9bda-ef68e8fc72a0",
      "title": "",
      "fullFile": "cypress/integration/AddCartFolder/AddToCardSpec.js",
      "file": "cypress/integration/AddCartFolder/AddToCardSpec.js",
      "beforeHooks": [],
      "afterHooks": [],
      "tests": [],
      "suites": [
        {
          "uuid": "bf54dae5-14bb-45e8-a818-8ccbf5027fae",
          "title": "Add to card and checkout the product",
          "fullFile": "",
          "file": "",
          "beforeHooks": [],
          "afterHooks": [],
          "tests": [
            {
              "title": "Add one product to cart, checkout and verify thankyou page",
              "fullTitle": "Add to card and checkout the product Add one product to cart, checkout and verify thankyou page",
              "timedOut": null,
              "duration": 4799,
              "state": "passed",
              "speed": "slow",
              "pass": true,
              "fail": false,
              "pending": false,
              "context": null,
              "code": "var productName = 'Test.allTheThings() T-Shirt (Red)';\nloginPage.login(this.data.validEmail, this.data.validPassword);\nhomePage.clickAddToCart(productName);\ncommonPage.clickCartIcon();\ncartPage.verifyProduct(productName);\ncartPage.verifyNumberOfProducts(1);\ncartPage.clickCheckOutButton();\ncheckoutPage.enterInformation(this.checkoutPageData.firstName, this.checkoutPageData.lastName, this.checkoutPageData.zip);\ncheckoutPage.clickContinueButton();\ncheckoutOverviewPage.verifySubTotal();\ncheckoutOverviewPage.verifyTotal();\ncheckoutOverviewPage.clickFinishButton();\ncheckoutCompletepage.verifyThankyou();",
              "err": {},
              "uuid": "389da415-a1b2-40dd-b450-2ac42f5bd7c4",
              "parentUUID": "bf54dae5-14bb-45e8-a818-8ccbf5027fae",
              "isHook": false,
              "skipped": false
            },
            {
              "title": "Add two products to cart, checkout and verify thankyou page",
              "fullTitle": "Add to card and checkout the product Add two products to cart, checkout and verify thankyou page",
              "timedOut": null,
              "duration": 2020,
              "state": "passed",
              "speed": "slow",
              "pass": true,
              "fail": false,
              "pending": false,
              "context": null,
              "code": "var products2 = ['Test.allTheThings() T-Shirt (Red)', 'Sauce Labs Bike Light'];\nloginPage.login(this.data.validEmail, this.data.validPassword);\nproducts2.forEach(function (ele) {\n  homePage.clickAddToCart(ele); //instead of calling multiple time using foreach loop\n});\ncommonPage.clickCartIcon();\nproducts2.forEach(function (ele) {\n  cartPage.verifyProduct(ele);\n});\ncartPage.verifyNumberOfProducts(products2.length);\ncartPage.clickCheckOutButton();\ncheckoutPage.enterInformation(this.checkoutPageData.firstName, this.checkoutPageData.lastName, this.checkoutPageData.zip);\ncheckoutPage.clickContinueButton();\ncheckoutOverviewPage.verifySubTotal();\ncheckoutOverviewPage.verifyTotal();\ncheckoutOverviewPage.clickFinishButton();\ncheckoutCompletepage.verifyThankyou();",
              "err": {},
              "uuid": "e90b51c4-4cab-44e7-89b3-17f7ec92328b",
              "parentUUID": "bf54dae5-14bb-45e8-a818-8ccbf5027fae",
              "isHook": false,
              "skipped": false
            },
            {
              "title": "Add three products to cart, verify, checkout and verify thankyou page",
              "fullTitle": "Add to card and checkout the product Add three products to cart, verify, checkout and verify thankyou page",
              "timedOut": null,
              "duration": 2102,
              "state": "passed",
              "speed": "slow",
              "pass": true,
              "fail": false,
              "pending": false,
              "context": null,
              "code": "var products3 = ['Test.allTheThings() T-Shirt (Red)', 'Sauce Labs Onesie', 'Sauce Labs Bike Light'];\nloginPage.login(this.data.validEmail, this.data.validPassword);\nproducts3.forEach(function (ele) {\n  homePage.clickAddToCart(ele);\n});\ncommonPage.clickCartIcon();\nproducts3.forEach(function (ele) {\n  cartPage.verifyProduct(ele);\n});\ncartPage.verifyNumberOfProducts(products3.length);\ncartPage.clickCheckOutButton();\ncheckoutPage.enterInformation(this.checkoutPageData.firstName, this.checkoutPageData.lastName, this.checkoutPageData.zip);\ncheckoutPage.clickContinueButton();\ncheckoutOverviewPage.verifySubTotal();\ncheckoutOverviewPage.verifyTotal();\ncheckoutOverviewPage.clickFinishButton();\ncheckoutCompletepage.verifyThankyou();",
              "err": {},
              "uuid": "626294d9-9f16-41fc-a946-c3d1c5c44e0a",
              "parentUUID": "bf54dae5-14bb-45e8-a818-8ccbf5027fae",
              "isHook": false,
              "skipped": false
            }
          ],
          "suites": [],
          "passes": [
            "389da415-a1b2-40dd-b450-2ac42f5bd7c4",
            "e90b51c4-4cab-44e7-89b3-17f7ec92328b",
            "626294d9-9f16-41fc-a946-c3d1c5c44e0a"
          ],
          "failures": [],
          "pending": [],
          "skipped": [],
          "duration": 8921,
          "root": false,
          "rootEmpty": false,
          "_timeout": 2000
        }
      ],
      "passes": [],
      "failures": [],
      "pending": [],
      "skipped": [],
      "duration": 0,
      "root": true,
      "rootEmpty": true,
      "_timeout": 2000
    },
    {
      "uuid": "88be5630-9967-4767-80bc-f71d2496d6db",
      "title": "",
      "fullFile": "cypress/integration/Login/LoginSpec.js",
      "file": "cypress/integration/Login/LoginSpec.js",
      "beforeHooks": [],
      "afterHooks": [],
      "tests": [],
      "suites": [
        {
          "uuid": "da764cdf-c3b2-445b-b65f-a83829b2bb8a",
          "title": "Login test cases",
          "fullFile": "",
          "file": "",
          "beforeHooks": [],
          "afterHooks": [],
          "tests": [
            {
              "title": "Login valid credentials and verify sucessful login",
              "fullTitle": "Login test cases Login valid credentials and verify sucessful login",
              "timedOut": null,
              "duration": 2469,
              "state": "passed",
              "speed": "slow",
              "pass": true,
              "fail": false,
              "pending": false,
              "context": null,
              "code": "loginPage.login(this.data.validEmail, this.data.validPassword);\nhomePage.verifyURL('inventory');\ncommonPage.clickMoreMenu();\ncommonPage.clickLogout();",
              "err": {},
              "uuid": "939b2de1-4edc-4504-912d-0eafc07f82b9",
              "parentUUID": "da764cdf-c3b2-445b-b65f-a83829b2bb8a",
              "isHook": false,
              "skipped": false
            },
            {
              "title": "login with invalid credentials and verify error message",
              "fullTitle": "Login test cases login with invalid credentials and verify error message",
              "timedOut": null,
              "duration": 657,
              "state": "passed",
              "speed": "slow",
              "pass": true,
              "fail": false,
              "pending": false,
              "context": null,
              "code": "loginPage.login(this.data.invalidEmail, this.data.invalidPassword);\nloginPage.verifyErrorMessage();",
              "err": {},
              "uuid": "d2510292-6836-4bf1-b98a-2fefa3d91091",
              "parentUUID": "da764cdf-c3b2-445b-b65f-a83829b2bb8a",
              "isHook": false,
              "skipped": false
            },
            {
              "title": "login with empty values and verify error message",
              "fullTitle": "Login test cases login with empty values and verify error message",
              "timedOut": null,
              "duration": 201,
              "state": "passed",
              "speed": "slow",
              "pass": true,
              "fail": false,
              "pending": false,
              "context": null,
              "code": "loginPage.clickLoginButton();\nloginPage.verifyEmptyLogin();",
              "err": {},
              "uuid": "8ec74f66-b23a-4383-bfde-81d56eb65520",
              "parentUUID": "da764cdf-c3b2-445b-b65f-a83829b2bb8a",
              "isHook": false,
              "skipped": false
            }
          ],
          "suites": [],
          "passes": [
            "939b2de1-4edc-4504-912d-0eafc07f82b9",
            "d2510292-6836-4bf1-b98a-2fefa3d91091",
            "8ec74f66-b23a-4383-bfde-81d56eb65520"
          ],
          "failures": [],
          "pending": [],
          "skipped": [],
          "duration": 3327,
          "root": false,
          "rootEmpty": false,
          "_timeout": 2000
        }
      ],
      "passes": [],
      "failures": [],
      "pending": [],
      "skipped": [],
      "duration": 0,
      "root": true,
      "rootEmpty": true,
      "_timeout": 2000
    }
  ],
  "meta": {
    "mocha": {
      "version": "7.0.1"
    },
    "mochawesome": {
      "options": {
        "quiet": false,
        "reportFilename": "mochawesome",
        "saveHtml": false,
        "saveJson": true,
        "consoleReporter": "spec",
        "useInlineDiffs": false,
        "code": true
      },
      "version": "6.1.1"
    },
    "marge": {
      "options": {
        "id": "default",
        "reportDir": "cypress/reports/mocha",
        "quite": true,
        "overwrite": false,
        "html": false,
        "json": true
      },
      "version": "5.1.0"
    }
  }
}