{
  "stats": {
    "suites": 2,
    "tests": 6,
    "passes": 6,
    "pending": 0,
    "failures": 0,
    "start": "2020-11-11T05:28:46.022Z",
    "end": "2020-11-11T05:29:05.299Z",
    "duration": 13499,
    "testsRegistered": 6,
    "passPercent": 100,
    "pendingPercent": 0,
    "other": 0,
    "hasOther": false,
    "skipped": 0,
    "hasSkipped": false
  },
  "results": [
    {
      "uuid": "c98da36b-4e95-4808-ab24-1b695a41c744",
      "title": "",
      "fullFile": "cypress/integration/AddCartFolder/AddToCardSpec.js",
      "file": "cypress/integration/AddCartFolder/AddToCardSpec.js",
      "beforeHooks": [],
      "afterHooks": [],
      "tests": [],
      "suites": [
        {
          "uuid": "517abb6d-657d-4ae8-9107-6a008ebcc500",
          "title": "Add to card and checkout the product",
          "fullFile": "",
          "file": "",
          "beforeHooks": [],
          "afterHooks": [],
          "tests": [
            {
              "title": "Add one product to cart, checkout and verify thankyou page",
              "fullTitle": "Add to card and checkout the product Add one product to cart, checkout and verify thankyou page",
              "timedOut": null,
              "duration": 5249,
              "state": "passed",
              "speed": "slow",
              "pass": true,
              "fail": false,
              "pending": false,
              "context": null,
              "code": "var productName = 'Test.allTheThings() T-Shirt (Red)';\nloginPage.login(this.data.validEmail, this.data.validPassword);\nhomePage.clickAddToCart(productName);\ncommonPage.clickCartIcon();\ncartPage.verifyProduct(productName);\ncartPage.verifyNumberOfProducts(1);\ncartPage.clickCheckOutButton();\ncheckoutPage.enterInformation(this.checkoutPageData.firstName, this.checkoutPageData.lastName, this.checkoutPageData.zip);\ncheckoutPage.clickContinueButton();\ncheckoutOverviewPage.verifySubTotal();\ncheckoutOverviewPage.verifyTotal();\ncheckoutOverviewPage.clickFinishButton();\ncheckoutCompletepage.verifyThankyou();",
              "err": {},
              "uuid": "0494f1cd-8e96-4f74-bcac-f8578104c0de",
              "parentUUID": "517abb6d-657d-4ae8-9107-6a008ebcc500",
              "isHook": false,
              "skipped": false
            },
            {
              "title": "Add two products to cart, checkout and verify thankyou page",
              "fullTitle": "Add to card and checkout the product Add two products to cart, checkout and verify thankyou page",
              "timedOut": null,
              "duration": 2174,
              "state": "passed",
              "speed": "slow",
              "pass": true,
              "fail": false,
              "pending": false,
              "context": null,
              "code": "var products2 = ['Test.allTheThings() T-Shirt (Red)', 'Sauce Labs Bike Light'];\nloginPage.login(this.data.validEmail, this.data.validPassword);\nproducts2.forEach(function (ele) {\n  homePage.clickAddToCart(ele); //instead of calling multiple time using foreach loop\n});\ncommonPage.clickCartIcon();\nproducts2.forEach(function (ele) {\n  cartPage.verifyProduct(ele);\n});\ncartPage.verifyNumberOfProducts(products2.length);\ncartPage.clickCheckOutButton();\ncheckoutPage.enterInformation(this.checkoutPageData.firstName, this.checkoutPageData.lastName, this.checkoutPageData.zip);\ncheckoutPage.clickContinueButton();\ncheckoutOverviewPage.verifySubTotal();\ncheckoutOverviewPage.verifyTotal();\ncheckoutOverviewPage.clickFinishButton();\ncheckoutCompletepage.verifyThankyou();",
              "err": {},
              "uuid": "997b6c8c-ecc2-4835-b762-6f87c0935a4d",
              "parentUUID": "517abb6d-657d-4ae8-9107-6a008ebcc500",
              "isHook": false,
              "skipped": false
            },
            {
              "title": "Add three products to cart, verify, checkout and verify thankyou page",
              "fullTitle": "Add to card and checkout the product Add three products to cart, verify, checkout and verify thankyou page",
              "timedOut": null,
              "duration": 2259,
              "state": "passed",
              "speed": "slow",
              "pass": true,
              "fail": false,
              "pending": false,
              "context": null,
              "code": "var products3 = ['Test.allTheThings() T-Shirt (Red)', 'Sauce Labs Onesie', 'Sauce Labs Bike Light'];\nloginPage.login(this.data.validEmail, this.data.validPassword);\nproducts3.forEach(function (ele) {\n  homePage.clickAddToCart(ele);\n});\ncommonPage.clickCartIcon();\nproducts3.forEach(function (ele) {\n  cartPage.verifyProduct(ele);\n});\ncartPage.verifyNumberOfProducts(products3.length);\ncartPage.clickCheckOutButton();\ncheckoutPage.enterInformation(this.checkoutPageData.firstName, this.checkoutPageData.lastName, this.checkoutPageData.zip);\ncheckoutPage.clickContinueButton();\ncheckoutOverviewPage.verifySubTotal();\ncheckoutOverviewPage.verifyTotal();\ncheckoutOverviewPage.clickFinishButton();\ncheckoutCompletepage.verifyThankyou();",
              "err": {},
              "uuid": "54f5958e-0605-4de0-a255-62c267d7ada3",
              "parentUUID": "517abb6d-657d-4ae8-9107-6a008ebcc500",
              "isHook": false,
              "skipped": false
            }
          ],
          "suites": [],
          "passes": [
            "0494f1cd-8e96-4f74-bcac-f8578104c0de",
            "997b6c8c-ecc2-4835-b762-6f87c0935a4d",
            "54f5958e-0605-4de0-a255-62c267d7ada3"
          ],
          "failures": [],
          "pending": [],
          "skipped": [],
          "duration": 9682,
          "root": false,
          "rootEmpty": false,
          "_timeout": 2000
        }
      ],
      "passes": [],
      "failures": [],
      "pending": [],
      "skipped": [],
      "duration": 0,
      "root": true,
      "rootEmpty": true,
      "_timeout": 2000
    },
    {
      "uuid": "08cf5270-36ce-4288-91b1-e232b28b1f98",
      "title": "",
      "fullFile": "cypress/integration/Login/LoginSpec.js",
      "file": "cypress/integration/Login/LoginSpec.js",
      "beforeHooks": [],
      "afterHooks": [],
      "tests": [],
      "suites": [
        {
          "uuid": "64af3430-9244-48e8-8b05-e8995f18947a",
          "title": "Login test cases",
          "fullFile": "",
          "file": "",
          "beforeHooks": [],
          "afterHooks": [],
          "tests": [
            {
              "title": "Login valid credentials and verify sucessful login",
              "fullTitle": "Login test cases Login valid credentials and verify sucessful login",
              "timedOut": null,
              "duration": 2901,
              "state": "passed",
              "speed": "slow",
              "pass": true,
              "fail": false,
              "pending": false,
              "context": null,
              "code": "loginPage.login(this.data.validEmail, this.data.validPassword);\nhomePage.verifyURL('inventory');\ncommonPage.clickMoreMenu();\ncommonPage.clickLogout();",
              "err": {},
              "uuid": "493b36d7-94fb-4237-97a5-1e36035d1f4b",
              "parentUUID": "64af3430-9244-48e8-8b05-e8995f18947a",
              "isHook": false,
              "skipped": false
            },
            {
              "title": "login with invalid credentials and verify error message",
              "fullTitle": "Login test cases login with invalid credentials and verify error message",
              "timedOut": null,
              "duration": 697,
              "state": "passed",
              "speed": "slow",
              "pass": true,
              "fail": false,
              "pending": false,
              "context": null,
              "code": "loginPage.login(this.data.invalidEmail, this.data.invalidPassword);\nloginPage.verifyErrorMessage();",
              "err": {},
              "uuid": "d7b14c94-348c-4d40-b4ad-e1c588039aa2",
              "parentUUID": "64af3430-9244-48e8-8b05-e8995f18947a",
              "isHook": false,
              "skipped": false
            },
            {
              "title": "login with empty values and verify error message",
              "fullTitle": "Login test cases login with empty values and verify error message",
              "timedOut": null,
              "duration": 219,
              "state": "passed",
              "speed": "slow",
              "pass": true,
              "fail": false,
              "pending": false,
              "context": null,
              "code": "loginPage.clickLoginButton();\nloginPage.verifyEmptyLogin();",
              "err": {},
              "uuid": "87343740-9194-4845-9107-f3ec6385736b",
              "parentUUID": "64af3430-9244-48e8-8b05-e8995f18947a",
              "isHook": false,
              "skipped": false
            }
          ],
          "suites": [],
          "passes": [
            "493b36d7-94fb-4237-97a5-1e36035d1f4b",
            "d7b14c94-348c-4d40-b4ad-e1c588039aa2",
            "87343740-9194-4845-9107-f3ec6385736b"
          ],
          "failures": [],
          "pending": [],
          "skipped": [],
          "duration": 3817,
          "root": false,
          "rootEmpty": false,
          "_timeout": 2000
        }
      ],
      "passes": [],
      "failures": [],
      "pending": [],
      "skipped": [],
      "duration": 0,
      "root": true,
      "rootEmpty": true,
      "_timeout": 2000
    }
  ],
  "meta": {
    "mocha": {
      "version": "7.0.1"
    },
    "mochawesome": {
      "options": {
        "quiet": false,
        "reportFilename": "mochawesome",
        "saveHtml": false,
        "saveJson": true,
        "consoleReporter": "spec",
        "useInlineDiffs": false,
        "code": true
      },
      "version": "6.1.1"
    },
    "marge": {
      "options": {
        "id": "default",
        "reportDir": "cypress/reports/mocha",
        "quite": true,
        "overwrite": false,
        "html": false,
        "json": true
      },
      "version": "5.1.0"
    }
  }
}