<?xml version="1.0" encoding="UTF-8"?>
<!-- Generated by org.testng.reporters.JUnitXMLReporter -->
<testsuite hostname="FULL609-PRO.local" ignored="2" name="Test" tests="4" failures="0" timestamp="07 Nov 2020 10:31:30 GMT" time="21.321" errors="0">
  <testcase name="checkErrorMessage" time="0.562" classname="com.framework.testcase.LoginTest"/>
  <testcase name="validLoginTest" time="1.077" classname="com.framework.testcase.LoginTest"/>
  <testcase name="addToCartTest" time="2.244" classname="com.framework.testcase.AddToCartTest"/>
  <testcase name="addTwoItemAndCheckout" time="2.844" classname="com.framework.testcase.AddToCartTest"/>
  <testcase name="@AfterSuite afterSuite" time="0.0" classname="com.framework.annotations.Annotation">
    <ignored/>
  </testcase> <!-- @AfterSuite afterSuite -->
  <testcase name="@BeforeSuite beforeSuite" time="0.0" classname="com.framework.annotations.Annotation">
    <ignored/>
  </testcase> <!-- @BeforeSuite beforeSuite -->
</testsuite> <!-- Test -->
