<?xml version="1.0" encoding="UTF-8"?>
<testng-results skipped="0" failed="0" ignored="0" total="1" passed="1">
  <reporter-output>
  </reporter-output>
  <suite name="Suite" duration-ms="13917" started-at="2020-11-07T11:27:29Z" finished-at="2020-11-07T11:27:43Z">
    <groups>
      <group name="cucumber">
        <method signature="AbstractTestNGCucumberTests.feature(cucumber.api.testng.CucumberFeatureWrapper)[pri:0, instance:runner.TestRunner@91161c7]" name="feature" class="cucumber.api.testng.AbstractTestNGCucumberTests"/>
      </group> <!-- cucumber -->
    </groups>
    <test name="Test" duration-ms="13917" started-at="2020-11-07T11:27:29Z" finished-at="2020-11-07T11:27:43Z">
      <class name="runner.TestRunner">
        <test-method status="PASS" signature="setUpClass()[pri:0, instance:runner.TestRunner@91161c7]" name="setUpClass" is-config="true" duration-ms="216" started-at="2020-11-07T11:27:29Z" finished-at="2020-11-07T11:27:29Z">
          <reporter-output>
          </reporter-output>
        </test-method> <!-- setUpClass -->
        <test-method status="PASS" signature="feature(cucumber.api.testng.CucumberFeatureWrapper)[pri:0, instance:runner.TestRunner@91161c7]" name="feature" duration-ms="13567" started-at="2020-11-07T11:27:29Z" description="Runs Cucumber Feature" data-provider="features" finished-at="2020-11-07T11:27:43Z">
          <params>
            <param index="0">
              <value>
                <![CDATA[Login features]]>
              </value>
            </param>
          </params>
          <reporter-output>
          </reporter-output>
        </test-method> <!-- feature -->
        <test-method status="PASS" signature="tearDownClass()[pri:0, instance:runner.TestRunner@91161c7]" name="tearDownClass" is-config="true" duration-ms="47" started-at="2020-11-07T11:27:43Z" finished-at="2020-11-07T11:27:43Z">
          <reporter-output>
          </reporter-output>
        </test-method> <!-- tearDownClass -->
      </class> <!-- runner.TestRunner -->
    </test> <!-- Test -->
  </suite> <!-- Suite -->
</testng-results>
