<?xml version="1.0" encoding="UTF-8"?>
<testng-results skipped="0" failed="0" ignored="4" total="6" passed="2">
  <reporter-output>
  </reporter-output>
  <suite name="Suite" duration-ms="14047" started-at="2020-11-07T11:09:03Z" finished-at="2020-11-07T11:09:17Z">
    <groups>
      <group name="smoke">
        <method signature="AddToCartTest.addToCartTest()[pri:0, instance:com.framework.testcase.AddToCartTest@1e127982]" name="addToCartTest" class="com.framework.testcase.AddToCartTest"/>
        <method signature="LoginTest.validLoginTest()[pri:0, instance:com.framework.testcase.LoginTest@617faa95]" name="validLoginTest" class="com.framework.testcase.LoginTest"/>
      </group> <!-- smoke -->
    </groups>
    <test name="Test" duration-ms="14047" started-at="2020-11-07T11:09:03Z" finished-at="2020-11-07T11:09:17Z">
      <class name="com.framework.testcase.LoginTest">
        <test-method status="PASS" signature="beforeSuite()[pri:0, instance:com.framework.testcase.LoginTest@617faa95]" name="beforeSuite" is-config="true" duration-ms="221" started-at="2020-11-07T11:09:02Z" finished-at="2020-11-07T11:09:03Z">
          <reporter-output>
          </reporter-output>
        </test-method> <!-- beforeSuite -->
        <test-method status="PASS" signature="beforeMethod()[pri:0, instance:com.framework.testcase.LoginTest@617faa95]" name="beforeMethod" is-config="true" duration-ms="6420" started-at="2020-11-07T11:09:03Z" finished-at="2020-11-07T11:09:09Z">
          <reporter-output>
          </reporter-output>
        </test-method> <!-- beforeMethod -->
        <test-method status="PASS" signature="validLoginTest()[pri:0, instance:com.framework.testcase.LoginTest@617faa95]" name="validLoginTest" duration-ms="1799" started-at="2020-11-07T11:09:09Z" finished-at="2020-11-07T11:09:11Z">
          <reporter-output>
          </reporter-output>
        </test-method> <!-- validLoginTest -->
        <test-method status="PASS" signature="afterMethod()[pri:0, instance:com.framework.testcase.LoginTest@617faa95]" name="afterMethod" is-config="true" duration-ms="60" started-at="2020-11-07T11:09:11Z" finished-at="2020-11-07T11:09:11Z">
          <reporter-output>
          </reporter-output>
        </test-method> <!-- afterMethod -->
        <test-method status="PASS" signature="afterSuite()[pri:0, instance:com.framework.testcase.LoginTest@617faa95]" name="afterSuite" is-config="true" duration-ms="408" started-at="2020-11-07T11:09:17Z" finished-at="2020-11-07T11:09:17Z">
          <reporter-output>
          </reporter-output>
        </test-method> <!-- afterSuite -->
      </class> <!-- com.framework.testcase.LoginTest -->
      <class name="com.framework.testcase.AddToCartTest">
        <test-method status="PASS" signature="beforeMethod()[pri:0, instance:com.framework.testcase.AddToCartTest@1e127982]" name="beforeMethod" is-config="true" duration-ms="2006" started-at="2020-11-07T11:09:11Z" finished-at="2020-11-07T11:09:13Z">
          <reporter-output>
          </reporter-output>
        </test-method> <!-- beforeMethod -->
        <test-method status="PASS" signature="addToCartTest()[pri:0, instance:com.framework.testcase.AddToCartTest@1e127982]" name="addToCartTest" duration-ms="3689" started-at="2020-11-07T11:09:13Z" finished-at="2020-11-07T11:09:17Z">
          <reporter-output>
          </reporter-output>
        </test-method> <!-- addToCartTest -->
        <test-method status="PASS" signature="afterMethod()[pri:0, instance:com.framework.testcase.AddToCartTest@1e127982]" name="afterMethod" is-config="true" duration-ms="54" started-at="2020-11-07T11:09:17Z" finished-at="2020-11-07T11:09:17Z">
          <reporter-output>
          </reporter-output>
        </test-method> <!-- afterMethod -->
      </class> <!-- com.framework.testcase.AddToCartTest -->
    </test> <!-- Test -->
  </suite> <!-- Suite -->
</testng-results>
